<?xml version="1.0" encoding="UTF-8"?>
<!-- Generated by org.testng.reporters.JUnitReportReporter -->
<testsuite hostname="DESKTOP-13IQN5J" failures="0" tests="1" name="testsCases.PlaceOrder" time="2.373" errors="0" timestamp="2023-08-19T21:07:57 ECT" skipped="0">
  <testcase classname="testsCases.PlaceOrder" name="TC_AddTwoItemsAndPlaceOrder" time="2.373"/>
</testsuite> <!-- testsCases.PlaceOrder -->
