<?xml version="1.0" encoding="UTF-8"?>
<!-- Generated by org.testng.reporters.JUnitReportReporter -->
<testsuite hostname="DESKTOP-13IQN5J" failures="0" tests="1" name="testsCases.PlaceOrderTest" time="45.021" errors="0" timestamp="2023-08-20T19:34:05 ECT" skipped="0">
  <testcase classname="testsCases.PlaceOrderTest" name="TC_AddTwoItemsAndPlaceOrder" time="45.021"/>
</testsuite> <!-- testsCases.PlaceOrderTest -->
